{
  "0 debug pnpm:scope": {
    "selected": 1
  },
  "1 error pnpm": {
    "errno": 1,
    "code": "ELIFECYCLE",
    "pkgid": "parodle@0.1.0",
    "stage": "test",
    "script": "react-scripts test",
    "pkgname": "parodle",
    "err": {
      "name": "pnpm",
      "message": "parodle@0.1.0 test: `react-scripts test`\nExit status 1",
      "code": "ELIFECYCLE",
      "stack": "pnpm: parodle@0.1.0 test: `react-scripts test`\nExit status 1\n    at EventEmitter.<anonymous> (/usr/local/Cellar/pnpm/7.2.1/libexec/lib/node_modules/pnpm/dist/pnpm.cjs:107358:20)\n    at EventEmitter.emit (node:events:527:28)\n    at ChildProcess.<anonymous> (/usr/local/Cellar/pnpm/7.2.1/libexec/lib/node_modules/pnpm/dist/pnpm.cjs:93924:18)\n    at ChildProcess.emit (node:events:527:28)\n    at maybeClose (node:internal/child_process:1090:16)\n    at ChildProcess._handle.onexit (node:internal/child_process:302:5)"
    }
  },
  "2 warn pnpm:global": " Local package.json exists, but node_modules missing, did you mean to install?"
}